2015-11-10 15:26:56 10fc InnoDB: Warning: Using innodb_additional_mem_pool_size is DEPRECATED. This option may be removed in future releases, together with the option innodb_use_sys_malloc and with the InnoDB's internal memory allocator.
2015-11-10 15:26:56 4348 [Note] InnoDB: Using mutexes to ref count buffer pool pages
2015-11-10 15:26:56 4348 [Note] InnoDB: The InnoDB memory heap is disabled
2015-11-10 15:26:56 4348 [Note] InnoDB: Mutexes and rw_locks use Windows interlocked functions
2015-11-10 15:26:56 4348 [Note] InnoDB: Memory barrier is not used
2015-11-10 15:26:56 4348 [Note] InnoDB: Compressed tables use zlib 1.2.3
2015-11-10 15:26:56 4348 [Note] InnoDB: Not using CPU crc32 instructions
2015-11-10 15:26:56 4348 [Note] InnoDB: Initializing buffer pool, size = 16.0M
2015-11-10 15:26:56 4348 [Note] InnoDB: Completed initialization of buffer pool
2015-11-10 15:26:56 4348 [Note] InnoDB: Highest supported file format is Barracuda.
2015-11-10 15:26:57 4348 [Note] InnoDB: 128 rollback segment(s) are active.
2015-11-10 15:26:57 4348 [Note] InnoDB: Waiting for purge to start
2015-11-10 15:26:57 4348 [Note] InnoDB:  Percona XtraDB (http://www.percona.com) 5.6.26-74.0 started; log sequence number 1835027
2015-11-10 15:26:57 6140 [Note] InnoDB: Dumping buffer pool(s) not yet started
2015-11-10 15:26:57 4348 [Note] Plugin 'FEEDBACK' is disabled.
2015-11-10 15:26:57 4348 [Note] Server socket created on IP: '::'.
2015-11-10 15:26:57 4348 [Note] Event Scheduler: Loaded 0 events
2015-11-10 15:26:57 4348 [Note] C:\xampp\mysql\bin\mysqld.exe: ready for connections.
Version: '10.1.8-MariaDB'  socket: ''  port: 3306  mariadb.org binary distribution
2015-11-10 15:27:11 5152 [Note] C:\xampp\mysql\bin\mysqld.exe: Normal shutdown

2015-11-10 15:27:11 5152 [Note] Event Scheduler: Purging the queue. 0 events
2015-11-10 15:27:11 5732 [Note] InnoDB: FTS optimize thread exiting.
2015-11-10 15:27:11 5152 [Note] InnoDB: Starting shutdown...
2015-11-10 15:27:13 5152 [Note] InnoDB: Shutdown completed; log sequence number 1835037
2015-11-10 15:27:13 5152 [Note] C:\xampp\mysql\bin\mysqld.exe: Shutdown complete

2019-03-25 15:24:11 5620 InnoDB: Warning: Using innodb_additional_mem_pool_size is DEPRECATED. This option may be removed in future releases, together with the option innodb_use_sys_malloc and with the InnoDB's internal memory allocator.
2019-03-25 15:24:11 22048 [Note] InnoDB: innodb_empty_free_list_algorithm has been changed to legacy because of small buffer pool size. In order to use backoff, increase buffer pool at least up to 20MB.

2019-03-25 15:24:11 22048 [Note] InnoDB: Using mutexes to ref count buffer pool pages
2019-03-25 15:24:11 22048 [Note] InnoDB: The InnoDB memory heap is disabled
2019-03-25 15:24:11 22048 [Note] InnoDB: Mutexes and rw_locks use Windows interlocked functions
2019-03-25 15:24:11 22048 [Note] InnoDB: _mm_lfence() and _mm_sfence() are used for memory barrier
2019-03-25 15:24:11 22048 [Note] InnoDB: Compressed tables use zlib 1.2.11
2019-03-25 15:24:11 22048 [Note] InnoDB: Using generic crc32 instructions
2019-03-25 15:24:11 22048 [Note] InnoDB: Initializing buffer pool, size = 16.0M
2019-03-25 15:24:11 22048 [Note] InnoDB: Completed initialization of buffer pool
2019-03-25 15:24:11 22048 [Note] InnoDB: Highest supported file format is Barracuda.
2019-03-25 15:24:11 22048 [Note] InnoDB: 128 rollback segment(s) are active.
2019-03-25 15:24:11 22048 [Note] InnoDB: Waiting for purge to start
2019-03-25 15:24:11 22048 [Note] InnoDB:  Percona XtraDB (http://www.percona.com) 5.6.42-84.2 started; log sequence number 1835037
2019-03-25 15:24:11 24228 [Note] InnoDB: Dumping buffer pool(s) not yet started
2019-03-25 15:24:11 22048 [Note] Plugin 'FEEDBACK' is disabled.
2019-03-25 15:24:11 22048 [Note] Server socket created on IP: '::'.
2019-03-25 15:24:11 22048 [Note] c:\xampp\mysql\bin\mysqld.exe: ready for connections.
Version: '10.1.38-MariaDB'  socket: ''  port: 3306  mariadb.org binary distribution
2019-03-25 15:27:35 16fc InnoDB: Warning: Using innodb_additional_mem_pool_size is DEPRECATED. This option may be removed in future releases, together with the option innodb_use_sys_malloc and with the InnoDB's internal memory allocator.
2019-03-25 15:27:35 5884 [Note] InnoDB: innodb_empty_free_list_algorithm has been changed to legacy because of small buffer pool size. In order to use backoff, increase buffer pool at least up to 20MB.

2019-03-25 15:27:35 5884 [Note] InnoDB: Using mutexes to ref count buffer pool pages
2019-03-25 15:27:35 5884 [Note] InnoDB: The InnoDB memory heap is disabled
2019-03-25 15:27:35 5884 [Note] InnoDB: Mutexes and rw_locks use Windows interlocked functions
2019-03-25 15:27:35 5884 [Note] InnoDB: _mm_lfence() and _mm_sfence() are used for memory barrier
2019-03-25 15:27:35 5884 [Note] InnoDB: Compressed tables use zlib 1.2.11
2019-03-25 15:27:35 5884 [Note] InnoDB: Using generic crc32 instructions
2019-03-25 15:27:35 5884 [Note] InnoDB: Initializing buffer pool, size = 16.0M
2019-03-25 15:27:35 5884 [Note] InnoDB: Completed initialization of buffer pool
2019-03-25 15:27:35 5884 [Note] InnoDB: Highest supported file format is Barracuda.
2019-03-25 15:27:35 5884 [Note] InnoDB: The log sequence number 1835037 in ibdata file do not match the log sequence number 1835047 in the ib_logfiles!
2019-03-25 15:27:35 5884 [Note] InnoDB: Restoring possible half-written data pages from the doublewrite buffer...
2019-03-25 15:27:35 5884 [Note] InnoDB: 128 rollback segment(s) are active.
2019-03-25 15:27:35 5884 [Note] InnoDB: Waiting for purge to start
2019-03-25 15:27:35 5884 [Note] InnoDB:  Percona XtraDB (http://www.percona.com) 5.6.42-84.2 started; log sequence number 1835047
2019-03-25 15:27:35 4196 [Note] InnoDB: Dumping buffer pool(s) not yet started
2019-03-25 15:27:35 5884 [Note] Plugin 'FEEDBACK' is disabled.
2019-03-25 15:27:35 5884 [Note] Server socket created on IP: '::'.
2019-03-25 15:27:35 5884 [Note] c:\xampp\mysql\bin\mysqld.exe: ready for connections.
Version: '10.1.38-MariaDB'  socket: ''  port: 3306  mariadb.org binary distribution
2019-03-25 15:28:27 60f4 InnoDB: Warning: Using innodb_additional_mem_pool_size is DEPRECATED. This option may be removed in future releases, together with the option innodb_use_sys_malloc and with the InnoDB's internal memory allocator.
2019-03-25 15:28:27 24820 [Note] InnoDB: innodb_empty_free_list_algorithm has been changed to legacy because of small buffer pool size. In order to use backoff, increase buffer pool at least up to 20MB.

2019-03-25 15:28:27 24820 [Note] InnoDB: Using mutexes to ref count buffer pool pages
2019-03-25 15:28:27 24820 [Note] InnoDB: The InnoDB memory heap is disabled
2019-03-25 15:28:27 24820 [Note] InnoDB: Mutexes and rw_locks use Windows interlocked functions
2019-03-25 15:28:27 24820 [Note] InnoDB: _mm_lfence() and _mm_sfence() are used for memory barrier
2019-03-25 15:28:27 24820 [Note] InnoDB: Compressed tables use zlib 1.2.11
2019-03-25 15:28:27 24820 [Note] InnoDB: Using generic crc32 instructions
2019-03-25 15:28:27 24820 [Note] InnoDB: Initializing buffer pool, size = 16.0M
2019-03-25 15:28:27 24820 [Note] InnoDB: Completed initialization of buffer pool
2019-03-25 15:28:27 24820 [Note] InnoDB: Highest supported file format is Barracuda.
2019-03-25 15:28:27 24820 [Note] InnoDB: The log sequence number 1835037 in ibdata file do not match the log sequence number 1835057 in the ib_logfiles!
2019-03-25 15:28:27 24820 [Note] InnoDB: Restoring possible half-written data pages from the doublewrite buffer...
2019-03-25 15:28:28 24820 [Note] InnoDB: 128 rollback segment(s) are active.
2019-03-25 15:28:28 24820 [Note] InnoDB: Waiting for purge to start
2019-03-25 15:28:28 24820 [Note] InnoDB:  Percona XtraDB (http://www.percona.com) 5.6.42-84.2 started; log sequence number 1835057
2019-03-25 15:28:28 22620 [Note] InnoDB: Dumping buffer pool(s) not yet started
2019-03-25 15:28:28 24820 [Note] Plugin 'FEEDBACK' is disabled.
2019-03-25 15:28:28 24820 [Note] Server socket created on IP: '::'.
2019-03-25 15:28:28 24820 [Note] c:\xampp\mysql\bin\mysqld.exe: ready for connections.
Version: '10.1.38-MariaDB'  socket: ''  port: 3306  mariadb.org binary distribution
2019-03-25 15:30:26 3910 InnoDB: Warning: Using innodb_additional_mem_pool_size is DEPRECATED. This option may be removed in future releases, together with the option innodb_use_sys_malloc and with the InnoDB's internal memory allocator.
2019-03-25 15:30:26 14608 [Note] InnoDB: innodb_empty_free_list_algorithm has been changed to legacy because of small buffer pool size. In order to use backoff, increase buffer pool at least up to 20MB.

2019-03-25 15:30:26 14608 [Note] InnoDB: Using mutexes to ref count buffer pool pages
2019-03-25 15:30:26 14608 [Note] InnoDB: The InnoDB memory heap is disabled
2019-03-25 15:30:26 14608 [Note] InnoDB: Mutexes and rw_locks use Windows interlocked functions
2019-03-25 15:30:26 14608 [Note] InnoDB: _mm_lfence() and _mm_sfence() are used for memory barrier
2019-03-25 15:30:26 14608 [Note] InnoDB: Compressed tables use zlib 1.2.11
2019-03-25 15:30:26 14608 [Note] InnoDB: Using generic crc32 instructions
2019-03-25 15:30:26 14608 [Note] InnoDB: Initializing buffer pool, size = 16.0M
2019-03-25 15:30:26 14608 [Note] InnoDB: Completed initialization of buffer pool
2019-03-25 15:30:26 14608 [Note] InnoDB: Highest supported file format is Barracuda.
2019-03-25 15:30:26 14608 [Note] InnoDB: The log sequence number 1835037 in ibdata file do not match the log sequence number 1835067 in the ib_logfiles!
2019-03-25 15:30:27 14608 [Note] InnoDB: Restoring possible half-written data pages from the doublewrite buffer...
2019-03-25 15:30:27 14608 [Note] InnoDB: 128 rollback segment(s) are active.
2019-03-25 15:30:27 14608 [Note] InnoDB: Waiting for purge to start
2019-03-25 15:30:27 14608 [Note] InnoDB:  Percona XtraDB (http://www.percona.com) 5.6.42-84.2 started; log sequence number 1835067
2019-03-25 15:30:27 14968 [Note] InnoDB: Dumping buffer pool(s) not yet started
2019-03-25 15:30:27 14608 [Note] Plugin 'FEEDBACK' is disabled.
2019-03-25 15:30:27 14608 [Note] Server socket created on IP: '::'.
2019-03-25 15:30:27 14608 [Note] c:\xampp\mysql\bin\mysqld.exe: ready for connections.
Version: '10.1.38-MariaDB'  socket: ''  port: 3306  mariadb.org binary distribution
2019-03-25 15:33:15 2dd8 InnoDB: Warning: Using innodb_additional_mem_pool_size is DEPRECATED. This option may be removed in future releases, together with the option innodb_use_sys_malloc and with the InnoDB's internal memory allocator.
2019-03-25 15:33:15 11736 [Note] InnoDB: innodb_empty_free_list_algorithm has been changed to legacy because of small buffer pool size. In order to use backoff, increase buffer pool at least up to 20MB.

2019-03-25 15:33:15 11736 [Note] InnoDB: Using mutexes to ref count buffer pool pages
2019-03-25 15:33:15 11736 [Note] InnoDB: The InnoDB memory heap is disabled
2019-03-25 15:33:15 11736 [Note] InnoDB: Mutexes and rw_locks use Windows interlocked functions
2019-03-25 15:33:15 11736 [Note] InnoDB: _mm_lfence() and _mm_sfence() are used for memory barrier
2019-03-25 15:33:15 11736 [Note] InnoDB: Compressed tables use zlib 1.2.11
2019-03-25 15:33:15 11736 [Note] InnoDB: Using generic crc32 instructions
2019-03-25 15:33:15 11736 [Note] InnoDB: Initializing buffer pool, size = 16.0M
2019-03-25 15:33:15 11736 [Note] InnoDB: Completed initialization of buffer pool
2019-03-25 15:33:15 11736 [Note] InnoDB: Highest supported file format is Barracuda.
2019-03-25 15:33:15 11736 [Note] InnoDB: The log sequence number 1835037 in ibdata file do not match the log sequence number 1835077 in the ib_logfiles!
2019-03-25 15:33:15 11736 [Note] InnoDB: Restoring possible half-written data pages from the doublewrite buffer...
2019-03-25 15:33:15 11736 [Note] InnoDB: 128 rollback segment(s) are active.
2019-03-25 15:33:15 11736 [Note] InnoDB: Waiting for purge to start
2019-03-25 15:33:15 11736 [Note] InnoDB:  Percona XtraDB (http://www.percona.com) 5.6.42-84.2 started; log sequence number 1835077
2019-03-25 15:33:15 8124 [Note] InnoDB: Dumping buffer pool(s) not yet started
2019-03-25 15:33:15 11736 [Note] Plugin 'FEEDBACK' is disabled.
2019-03-25 15:33:15 11736 [Note] Server socket created on IP: '::'.
2019-03-25 15:33:15 11736 [Note] c:\xampp\mysql\bin\mysqld.exe: ready for connections.
Version: '10.1.38-MariaDB'  socket: ''  port: 3306  mariadb.org binary distribution
